0 info it worked if it ends with ok
1 verbose cli [ 'C:\\Program Files\\nodejs\\node.exe',
1 verbose cli   'C:\\Program Files\\nodejs\\node_modules\\npm\\bin\\npm-cli.js',
1 verbose cli   'start' ]
2 info using npm@3.10.10
3 info using node@v6.11.5
4 verbose run-script [ 'prestart', 'start', 'poststart' ]
5 info lifecycle relationapimini@1.0.0~prestart: relationapimini@1.0.0
6 silly lifecycle relationapimini@1.0.0~prestart: no script for prestart, continuing
7 info lifecycle relationapimini@1.0.0~start: relationapimini@1.0.0
8 verbose lifecycle relationapimini@1.0.0~start: unsafe-perm in lifecycle true
9 verbose lifecycle relationapimini@1.0.0~start: PATH: C:\Program Files\nodejs\node_modules\npm\bin\node-gyp-bin;C:\Users\Kia Choi\Desktop\Personal\Lambda School Projects\rdbms-api-mini\node_modules\.bin;C:\Users\Kia Choi\introcs\java\bin;C:\ProgramData\Oracle\Java\javapath;C:\Program Files (x86)\Intel\iCLS Client\;C:\Program Files\Intel\iCLS Client\;C:\Program Files\Dell\DW WLAN Card;C:\WINDOWS\system32;C:\WINDOWS;C:\WINDOWS\System32\Wbem;C:\WINDOWS\System32\WindowsPowerShell\v1.0\;C:\Program Files\WIDCOMM\Bluetooth Software\;C:\Program Files\WIDCOMM\Bluetooth Software\syswow64;C:\Program Files (x86)\QuickTime\QTSystem\;C:\Program Files (x86)\Skype\Phone\;C:\Program Files\Intel\Intel(R) Management Engine Components\DAL;C:\Program Files\Intel\Intel(R) Management Engine Components\IPT;C:\WINDOWS\system32;C:\WINDOWS;C:\WINDOWS\System32\Wbem;C:\WINDOWS\System32\WindowsPowerShell\v1.0\;C:\Program Files\Git\cmd;C:\Program Files\nodejs\;C:\Program Files (x86)\Yarn\bin;C:\Users\Kia Choi\Anaconda3;C:\Users\Kia Choi\Anaconda3\Scripts;C:\Users\Kia Choi\Anaconda3\Library\bin;C:\Users\Kia Choi\AppData\Local\Programs\Python\Python35-32\Scripts\;C:\Users\Kia Choi\AppData\Local\Programs\Python\Python35-32\;C:\Users\Kia Choi\AppData\Local\Microsoft\WindowsApps;C:\Users\Kia Choi\AppData\Local\learn_ide\bin;C:\Program Files\Microsoft VS Code\bin;C:\Users\Kia Choi\AppData\Roaming\npm;C:\Users\Kia Choi\AppData\Local\Yarn\bin;
10 verbose lifecycle relationapimini@1.0.0~start: CWD: C:\Users\Kia Choi\Desktop\Personal\Lambda School Projects\rdbms-api-mini
11 silly lifecycle relationapimini@1.0.0~start: Args: [ '/d /s /c', 'nodemon server.js' ]
12 verbose stack Error: kill ENOSYS
12 verbose stack     at Object.exports._errnoException (util.js:1020:11)
12 verbose stack     at process.kill (internal/process.js:191:18)
12 verbose stack     at process.listener (C:\Program Files\nodejs\node_modules\npm\node_modules\npmlog\node_modules\gauge\node_modules\signal-exit\index.js:86:15)
12 verbose stack     at emitNone (events.js:91:20)
12 verbose stack     at process.emit (events.js:185:7)
12 verbose stack     at processEmit (C:\Program Files\nodejs\node_modules\npm\node_modules\npmlog\node_modules\gauge\node_modules\signal-exit\index.js:146:32)
12 verbose stack     at processEmit (C:\Program Files\nodejs\node_modules\npm\node_modules\npm-registry-client\node_modules\npmlog\node_modules\gauge\node_modules\signal-exit\index.js:146:32)
12 verbose stack     at Signal.wrap.onsignal (internal/process.js:217:44)
13 verbose cwd C:\Users\Kia Choi\Desktop\Personal\Lambda School Projects\rdbms-api-mini
14 error Windows_NT 10.0.16299
15 error argv "C:\\Program Files\\nodejs\\node.exe" "C:\\Program Files\\nodejs\\node_modules\\npm\\bin\\npm-cli.js" "start"
16 error node v6.11.5
17 error npm  v3.10.10
18 error code ENOSYS
19 error errno ENOSYS
20 error syscall kill
21 error kill ENOSYS
22 error If you need help, you may report this error at:
22 error     <https://github.com/npm/npm/issues>
23 verbose exit [ 1, true ]
